Using pre-set license
Built from '2021.3/staging' branch; Version is '2021.3.2f1 (d6360bedb9a0) revision 14038539'; Using compiler version '192829333'; Build Type 'Release'
OS: 'Windows 10  (10.0.19043) 64bit Core' Language: 'he' Physical Memory: 16311 MB
BatchMode: 1, IsHumanControllingUs: 0, StartBugReporterOnCrash: 0, Is64bit: 1, IsPro: 1

COMMAND LINE ARGUMENTS:
C:\Program Files\Unity\Hub\Editor\2021.3.2f1\Editor\Unity.exe
-adb2
-batchMode
-noUpm
-name
AssetImportWorker2
-projectPath
C:/project/unity/Private House
-logFile
Logs/AssetImportWorker2.log
-srvPort
54471
Successfully changed project path to: C:/project/unity/Private House
C:/project/unity/Private House
[UnityMemory] Configuration Parameters - Can be set up in boot.config
    "memorysetup-bucket-allocator-granularity=16"
    "memorysetup-bucket-allocator-bucket-count=8"
    "memorysetup-bucket-allocator-block-size=33554432"
    "memorysetup-bucket-allocator-block-count=8"
    "memorysetup-main-allocator-block-size=16777216"
    "memorysetup-thread-allocator-block-size=16777216"
    "memorysetup-gfx-main-allocator-block-size=16777216"
    "memorysetup-gfx-thread-allocator-block-size=16777216"
    "memorysetup-cache-allocator-block-size=4194304"
    "memorysetup-typetree-allocator-block-size=2097152"
    "memorysetup-profiler-bucket-allocator-granularity=16"
    "memorysetup-profiler-bucket-allocator-bucket-count=8"
    "memorysetup-profiler-bucket-allocator-block-size=33554432"
    "memorysetup-profiler-bucket-allocator-block-count=8"
    "memorysetup-profiler-allocator-block-size=16777216"
    "memorysetup-profiler-editor-allocator-block-size=1048576"
    "memorysetup-temp-allocator-size-main=16777216"
    "memorysetup-job-temp-allocator-block-size=2097152"
    "memorysetup-job-temp-allocator-block-size-background=1048576"
    "memorysetup-job-temp-allocator-reduction-small-platforms=262144"
    "memorysetup-temp-allocator-size-background-worker=32768"
    "memorysetup-temp-allocator-size-job-worker=262144"
    "memorysetup-temp-allocator-size-preload-manager=33554432"
    "memorysetup-temp-allocator-size-nav-mesh-worker=65536"
    "memorysetup-temp-allocator-size-audio-worker=65536"
    "memorysetup-temp-allocator-size-cloud-worker=32768"
    "memorysetup-temp-allocator-size-gi-baking-worker=262144"
    "memorysetup-temp-allocator-size-gfx=262144"
Refreshing native plugins compatible for Editor in 213.48 ms, found 3 plugins.
Preloading 0 native plugins for Editor in 0.00 ms.
Initialize engine version: 2021.3.2f1 (d6360bedb9a0)
[Subsystems] Discovering subsystems at path C:/Program Files/Unity/Hub/Editor/2021.3.2f1/Editor/Data/Resources/UnitySubsystems
[Subsystems] Discovering subsystems at path C:/project/unity/Private House/Assets
GfxDevice: creating device client; threaded=0; jobified=0
Direct3D:
    Version:  Direct3D 11.0 [level 11.1]
    Renderer: NVIDIA GeForce GTX 960 (ID=0x1401)
    Vendor:   NVIDIA
    VRAM:     4053 MB
    Driver:   30.0.14.7212
Initialize mono
Mono path[0] = 'C:/Program Files/Unity/Hub/Editor/2021.3.2f1/Editor/Data/Managed'
Mono path[1] = 'C:/Program Files/Unity/Hub/Editor/2021.3.2f1/Editor/Data/MonoBleedingEdge/lib/mono/unityjit-win32'
Mono config path = 'C:/Program Files/Unity/Hub/Editor/2021.3.2f1/Editor/Data/MonoBleedingEdge/etc'
Using monoOptions --debugger-agent=transport=dt_socket,embedding=1,server=y,suspend=n,address=127.0.0.1:56540
Begin MonoManager ReloadAssembly
Registering precompiled unity dll's ...
Register platform support module: C:/Program Files/Unity/Hub/Editor/2021.3.2f1/Editor/Data/PlaybackEngines/WindowsStandaloneSupport/UnityEditor.WindowsStandalone.Extensions.dll
Register platform support module: C:/Program Files/Unity/Hub/Editor/2021.3.2f1/Editor/Data/PlaybackEngines/MetroSupport/UnityEditor.UWP.Extensions.dll
Registered in 0.023383 seconds.
Native extension for UWP target not found
Native extension for WindowsStandalone target not found
Refreshing native plugins compatible for Editor in 201.58 ms, found 3 plugins.
Preloading 0 native plugins for Editor in 0.00 ms.
Mono: successfully reloaded assembly
- Completed reload, in  1.810 seconds
Domain Reload Profiling:
	ReloadAssembly (1811ms)
		BeginReloadAssembly (226ms)
			ExecutionOrderSort (0ms)
			DisableScriptedObjects (0ms)
			BackupInstance (0ms)
			ReleaseScriptingObjects (0ms)
			CreateAndSetChildDomain (2ms)
		EndReloadAssembly (1287ms)
			LoadAssemblies (221ms)
			RebuildTransferFunctionScriptingTraits (0ms)
			SetupTypeCache (233ms)
			ReleaseScriptCaches (0ms)
			RebuildScriptCaches (61ms)
			SetupLoadedEditorAssemblies (698ms)
				LogAssemblyErrors (0ms)
				InitializePlatformSupportModulesInManaged (23ms)
				SetLoadedEditorAssemblies (0ms)
				RefreshPlugins (202ms)
				BeforeProcessingInitializeOnLoad (3ms)
				ProcessInitializeOnLoadAttributes (362ms)
				ProcessInitializeOnLoadMethodAttributes (109ms)
				AfterProcessingInitializeOnLoad (0ms)
				EditorAssembliesLoaded (0ms)
			ExecutionOrderSort2 (0ms)
			AwakeInstancesAfterBackupRestoration (0ms)
Platform modules already initialized, skipping
Registering precompiled user dll's ...
Registered in 0.016240 seconds.
Begin MonoManager ReloadAssembly
Symbol file LoadedFromMemory doesn't match image C:\project\unity\Private House\Library\PackageCache\com.unity.visualscripting@1.7.6\Editor\VisualScripting.Core\Dependencies\YamlDotNet\Unity.VisualScripting.YamlDotNet.dll
Symbol file LoadedFromMemory doesn't match image C:\project\unity\Private House\Library\PackageCache\com.unity.visualscripting@1.7.6\Editor\VisualScripting.Core\Dependencies\DotNetZip\Unity.VisualScripting.IonicZip.dll
Native extension for UWP target not found
Native extension for WindowsStandalone target not found
Refreshing native plugins compatible for Editor in 1.18 ms, found 3 plugins.
Preloading 0 native plugins for Editor in 0.00 ms.
Mono: successfully reloaded assembly
- Completed reload, in  3.466 seconds
Domain Reload Profiling:
	ReloadAssembly (3468ms)
		BeginReloadAssembly (259ms)
			ExecutionOrderSort (0ms)
			DisableScriptedObjects (13ms)
			BackupInstance (0ms)
			ReleaseScriptingObjects (0ms)
			CreateAndSetChildDomain (34ms)
		EndReloadAssembly (2838ms)
			LoadAssemblies (983ms)
			RebuildTransferFunctionScriptingTraits (0ms)
			SetupTypeCache (823ms)
			ReleaseScriptCaches (1ms)
			RebuildScriptCaches (102ms)
			SetupLoadedEditorAssemblies (822ms)
				LogAssemblyErrors (0ms)
				InitializePlatformSupportModulesInManaged (22ms)
				SetLoadedEditorAssemblies (1ms)
				RefreshPlugins (1ms)
				BeforeProcessingInitializeOnLoad (195ms)
				ProcessInitializeOnLoadAttributes (525ms)
				ProcessInitializeOnLoadMethodAttributes (59ms)
				AfterProcessingInitializeOnLoad (18ms)
				EditorAssembliesLoaded (0ms)
			ExecutionOrderSort2 (0ms)
			AwakeInstancesAfterBackupRestoration (13ms)
Platform modules already initialized, skipping
========================================================================
Worker process is ready to serve import requests
Launched and connected shader compiler UnityShaderCompiler.exe after 0.21 seconds
Refreshing native plugins compatible for Editor in 1.72 ms, found 3 plugins.
Preloading 0 native plugins for Editor in 0.00 ms.
Unloading 3383 Unused Serialized files (Serialized files now loaded: 0)
Unloading 26 unused Assets / (112.2 KB). Loaded Objects now: 3847.
Memory consumption went from 119.9 MB to 119.8 MB.
Total: 4.891800 ms (FindLiveObjects: 0.378000 ms CreateObjectMapping: 0.237700 ms MarkObjects: 4.134700 ms  DeleteObjects: 0.140100 ms)

AssetImportParameters requested are different than current active one (requested -> active):
  custom:video-decoder-ogg-theora: a1e56fd34408186e4bbccfd4996cb3dc -> 
  custom:container-muxer-webm: aa71ff27fc2769a1b78a27578f13a17b -> 
  custom:container-demuxer-webm: 4f35f7cbe854078d1ac9338744f61a02 -> 
  custom:video-encoder-webm-vp8: eb34c28f22e8b96e1ab97ce403110664 -> 
  custom:video-codec-MediaFoundation-h265: 746d11721c4dcdbdad8f713fa42b33f4 -> 
  custom:audio-encoder-webm-vorbis: bf7c407c2cedff20999df2af8eb42d56 -> 
  custom:framework-win-MediaFoundation: 216162199b28c13a410421893ffa2e32 -> 
  custom:container-demuxer-ogg: 62fdf1f143b41e24485cea50d1cbac27 -> 
  custom:video-decoder-webm-vp8: 9c59270c3fd7afecdb556c50c9e8de78 -> 
  custom:audio-decoder-ogg-vorbis: bf7c407c2cedff20999df2af8eb42d56 -> 
========================================================================
Received Import Request.
  Time since last request: 10263.883263 seconds.
  path: Assets/Models/Props/TexturesCom_Aircos0117_S.jpg
  artifactKey: Guid(95f63ec69aa457c4aa7e1a64237abb5e) Importer(815301076,1909f56bfc062723c751e8b465ee728b)
Start importing Assets/Models/Props/TexturesCom_Aircos0117_S.jpg using Guid(95f63ec69aa457c4aa7e1a64237abb5e) Importer(815301076,1909f56bfc062723c751e8b465ee728b)  -> (artifact id: 'e3e4220ebab15a6c11aa27232fd305b8') in 0.268088 seconds 
========================================================================
Received Import Request.
  Time since last request: 0.000037 seconds.
  path: Assets/Models/Props/NewsPaper.fbx
  artifactKey: Guid(cbd317aabeabdfa4dbb476e5dcc19e1f) Importer(815301076,1909f56bfc062723c751e8b465ee728b)
Start importing Assets/Models/Props/NewsPaper.fbx using Guid(cbd317aabeabdfa4dbb476e5dcc19e1f) Importer(815301076,1909f56bfc062723c751e8b465ee728b)  -> (artifact id: '8c1556ef40f048c7e669100e817a193e') in 0.357781 seconds 
========================================================================
Received Import Request.
  Time since last request: 0.045029 seconds.
  path: Assets/Models/Props/800px_COLOURBOX8301550.jpg
  artifactKey: Guid(9720d91be2b91c34a8f49086da6eb9f5) Importer(815301076,1909f56bfc062723c751e8b465ee728b)
Start importing Assets/Models/Props/800px_COLOURBOX8301550.jpg using Guid(9720d91be2b91c34a8f49086da6eb9f5) Importer(815301076,1909f56bfc062723c751e8b465ee728b)  -> (artifact id: '89f7f0d1e8a859ad499b5b42ff08df33') in 0.036245 seconds 
========================================================================
Received Import Request.
  Time since last request: 0.000111 seconds.
  path: Assets/Models/Props/TexturesCom_Rust0200_1_S.jpg
  artifactKey: Guid(860ace1a105a4964d97f38692b747089) Importer(815301076,1909f56bfc062723c751e8b465ee728b)
Start importing Assets/Models/Props/TexturesCom_Rust0200_1_S.jpg using Guid(860ace1a105a4964d97f38692b747089) Importer(815301076,1909f56bfc062723c751e8b465ee728b)  -> (artifact id: '498d90b066c6586455bcb6e1f2465220') in 0.039680 seconds 
========================================================================
Received Import Request.
  Time since last request: 0.000083 seconds.
  path: Assets/Models/Props/Keypad.fbx
  artifactKey: Guid(1f4a6d1f8028be6499ac7904c49f0206) Importer(815301076,1909f56bfc062723c751e8b465ee728b)
Start importing Assets/Models/Props/Keypad.fbx using Guid(1f4a6d1f8028be6499ac7904c49f0206) Importer(815301076,1909f56bfc062723c751e8b465ee728b)  -> (artifact id: '0f9bde3f9ce0edbdd6262f626b617fd3') in 0.080406 seconds 
========================================================================
Received Import Request.
  Time since last request: 0.000032 seconds.
  path: Assets/Models/Props/TexturesCom_Vents0009_2_masked_S.jpg
  artifactKey: Guid(df67bc22052b8ad4e9ebaeb94a66081e) Importer(815301076,1909f56bfc062723c751e8b465ee728b)
Start importing Assets/Models/Props/TexturesCom_Vents0009_2_masked_S.jpg using Guid(df67bc22052b8ad4e9ebaeb94a66081e) Importer(815301076,1909f56bfc062723c751e8b465ee728b)  -> (artifact id: 'a9def1479f37def33dbea70cf4c14a7c') in 0.023852 seconds 
========================================================================
Received Import Request.
  Time since last request: 0.000028 seconds.
  path: Assets/Models/Props/AirConditioner.fbx
  artifactKey: Guid(925de057685b14a4f9dc48de52172135) Importer(815301076,1909f56bfc062723c751e8b465ee728b)
Start importing Assets/Models/Props/AirConditioner.fbx using Guid(925de057685b14a4f9dc48de52172135) Importer(815301076,1909f56bfc062723c751e8b465ee728b)  -> (artifact id: 'd80c59c5f96c4cf500164c9cd9605d14') in 0.032514 seconds 
========================================================================
Received Import Request.
  Time since last request: 0.000024 seconds.
  path: Assets/Models/Props/5f6ab3a94003bd5c.png
  artifactKey: Guid(4a7d34669768be84f87f4789da56b2cb) Importer(815301076,1909f56bfc062723c751e8b465ee728b)
Start importing Assets/Models/Props/5f6ab3a94003bd5c.png using Guid(4a7d34669768be84f87f4789da56b2cb) Importer(815301076,1909f56bfc062723c751e8b465ee728b)  -> (artifact id: '5fe4e3351700ec0596edbbb03e884d84') in 0.029140 seconds 
========================================================================
Received Import Request.
  Time since last request: 0.000026 seconds.
  path: Assets/Models/Props/istockphoto-471761838-612x612.jpg
  artifactKey: Guid(d7479dd7ff021db44ab453ca80f1eb23) Importer(815301076,1909f56bfc062723c751e8b465ee728b)
Start importing Assets/Models/Props/istockphoto-471761838-612x612.jpg using Guid(d7479dd7ff021db44ab453ca80f1eb23) Importer(815301076,1909f56bfc062723c751e8b465ee728b)  -> (artifact id: '02344d3a687f941ba72e2346f7e542b1') in 0.014509 seconds 
========================================================================
Received Import Request.
  Time since last request: 0.000029 seconds.
  path: Assets/Models/Props/EntranceCarpet.fbx
  artifactKey: Guid(8b836e5a02eacc440b1b901fe1ed8c47) Importer(815301076,1909f56bfc062723c751e8b465ee728b)
Start importing Assets/Models/Props/EntranceCarpet.fbx using Guid(8b836e5a02eacc440b1b901fe1ed8c47) Importer(815301076,1909f56bfc062723c751e8b465ee728b)  -> (artifact id: 'c956f8158c5f0c36039de52470d0c211') in 0.039254 seconds 
========================================================================
Received Import Request.
  Time since last request: 0.000023 seconds.
  path: Assets/Models/Props/ElectionPoster.fbx
  artifactKey: Guid(f6571528d2b16c34b8618cb139b00273) Importer(815301076,1909f56bfc062723c751e8b465ee728b)
Start importing Assets/Models/Props/ElectionPoster.fbx using Guid(f6571528d2b16c34b8618cb139b00273) Importer(815301076,1909f56bfc062723c751e8b465ee728b)  -> (artifact id: '344444b4c3d5ec2ebd32fb10e32a329b') in 0.028889 seconds 
========================================================================
Received Import Request.
  Time since last request: 0.000037 seconds.
  path: Assets/Models/Props/Vent.fbx
  artifactKey: Guid(f4d80dfdb8d78ab47b37eb14b489a2af) Importer(815301076,1909f56bfc062723c751e8b465ee728b)
Start importing Assets/Models/Props/Vent.fbx using Guid(f4d80dfdb8d78ab47b37eb14b489a2af) Importer(815301076,1909f56bfc062723c751e8b465ee728b)  -> (artifact id: '80476107d4c8c90bac9a4a6051edd705') in 0.028593 seconds 
========================================================================
Received Import Request.
  Time since last request: 0.000021 seconds.
  path: Assets/Models/Props/Stairs.fbx
  artifactKey: Guid(e5a68da79e001244dac4bfb658fc7bcc) Importer(815301076,1909f56bfc062723c751e8b465ee728b)
Start importing Assets/Models/Props/Stairs.fbx using Guid(e5a68da79e001244dac4bfb658fc7bcc) Importer(815301076,1909f56bfc062723c751e8b465ee728b)  -> (artifact id: '4c6f28dea6bdb21385e8c92e1991a59f') in 0.115305 seconds 
========================================================================
Received Import Request.
  Time since last request: 0.000040 seconds.
  path: Assets/Models/Props/election-alllies-also-for-facebook3.jpg
  artifactKey: Guid(519528502a96a9a4abca60753846575b) Importer(815301076,1909f56bfc062723c751e8b465ee728b)
Start importing Assets/Models/Props/election-alllies-also-for-facebook3.jpg using Guid(519528502a96a9a4abca60753846575b) Importer(815301076,1909f56bfc062723c751e8b465ee728b)  -> (artifact id: 'ed376e5132284dfb49ff90579c84c63f') in 0.012894 seconds 
========================================================================
Received Prepare
Registering precompiled user dll's ...
Registered in 0.008049 seconds.
Begin MonoManager ReloadAssembly
Symbol file LoadedFromMemory doesn't match image C:\project\unity\Private House\Library\PackageCache\com.unity.visualscripting@1.7.6\Editor\VisualScripting.Core\Dependencies\YamlDotNet\Unity.VisualScripting.YamlDotNet.dll
Symbol file LoadedFromMemory doesn't match image C:\project\unity\Private House\Library\PackageCache\com.unity.visualscripting@1.7.6\Editor\VisualScripting.Core\Dependencies\DotNetZip\Unity.VisualScripting.IonicZip.dll
Native extension for UWP target not found
Native extension for WindowsStandalone target not found
Refreshing native plugins compatible for Editor in 0.66 ms, found 3 plugins.
Preloading 0 native plugins for Editor in 0.00 ms.
Mono: successfully reloaded assembly
- Completed reload, in  1.780 seconds
Domain Reload Profiling:
	ReloadAssembly (1781ms)
		BeginReloadAssembly (185ms)
			ExecutionOrderSort (0ms)
			DisableScriptedObjects (6ms)
			BackupInstance (0ms)
			ReleaseScriptingObjects (0ms)
			CreateAndSetChildDomain (54ms)
		EndReloadAssembly (1473ms)
			LoadAssemblies (114ms)
			RebuildTransferFunctionScriptingTraits (0ms)
			SetupTypeCache (467ms)
			ReleaseScriptCaches (4ms)
			RebuildScriptCaches (73ms)
			SetupLoadedEditorAssemblies (713ms)
				LogAssemblyErrors (0ms)
				InitializePlatformSupportModulesInManaged (29ms)
				SetLoadedEditorAssemblies (1ms)
				RefreshPlugins (1ms)
				BeforeProcessingInitializeOnLoad (135ms)
				ProcessInitializeOnLoadAttributes (468ms)
				ProcessInitializeOnLoadMethodAttributes (63ms)
				AfterProcessingInitializeOnLoad (17ms)
				EditorAssembliesLoaded (0ms)
			ExecutionOrderSort2 (0ms)
			AwakeInstancesAfterBackupRestoration (13ms)
Platform modules already initialized, skipping
Refreshing native plugins compatible for Editor in 2.29 ms, found 3 plugins.
Preloading 0 native plugins for Editor in 0.00 ms.
Unloading 3365 Unused Serialized files (Serialized files now loaded: 0)
Unloading 19 unused Assets / (79.3 KB). Loaded Objects now: 3893.
Memory consumption went from 123.2 MB to 123.1 MB.
Total: 5.317100 ms (FindLiveObjects: 0.448000 ms CreateObjectMapping: 0.547800 ms MarkObjects: 4.229100 ms  DeleteObjects: 0.090500 ms)

AssetImportParameters requested are different than current active one (requested -> active):
  custom:video-decoder-ogg-theora: a1e56fd34408186e4bbccfd4996cb3dc -> 
  custom:container-muxer-webm: aa71ff27fc2769a1b78a27578f13a17b -> 
  custom:container-demuxer-webm: 4f35f7cbe854078d1ac9338744f61a02 -> 
  custom:video-encoder-webm-vp8: eb34c28f22e8b96e1ab97ce403110664 -> 
  custom:video-codec-MediaFoundation-h265: 746d11721c4dcdbdad8f713fa42b33f4 -> 
  custom:audio-encoder-webm-vorbis: bf7c407c2cedff20999df2af8eb42d56 -> 
  custom:framework-win-MediaFoundation: 216162199b28c13a410421893ffa2e32 -> 
  custom:container-demuxer-ogg: 62fdf1f143b41e24485cea50d1cbac27 -> 
  custom:video-decoder-webm-vp8: 9c59270c3fd7afecdb556c50c9e8de78 -> 
  custom:audio-decoder-ogg-vorbis: bf7c407c2cedff20999df2af8eb42d56 -> 
